
  .   ____          _            __ _ _
 /\\ / ___'_ __ _ _(_)_ __  __ _ \ \ \ \
( ( )\___ | '_ | '_| | '_ \/ _` | \ \ \ \
 \\/  ___)| |_)| | | | | || (_| |  ) ) ) )
  '  |____| .__|_| |_|_| |_\__, | / / / /
 =========|_|==============|___/=/_/_/_/
 :: Spring Boot ::        (v2.2.5.RELEASE)

2021-11-19 02:36:21.178  INFO 12157 --- [           main] c.c.training.TraningApplication          : Starting TraningApplication v1.0-SNAPSHOT on fabmedical-xp with PID 12157 (/home/adminfabmedical/Fabmedical/content-api/target/training-1.0-SNAPSHOT.jar started by adminfabmedical in /home/adminfabmedical/Fabmedical/content-api)
2021-11-19 02:36:21.189  INFO 12157 --- [           main] c.c.training.TraningApplication          : No active profile set, falling back to default profiles: default
2021-11-19 02:36:23.619  INFO 12157 --- [           main] o.s.b.w.embedded.tomcat.TomcatWebServer  : Tomcat initialized with port(s): 3001 (http)
2021-11-19 02:36:23.638  INFO 12157 --- [           main] o.apache.catalina.core.StandardService   : Starting service [Tomcat]
2021-11-19 02:36:23.639  INFO 12157 --- [           main] org.apache.catalina.core.StandardEngine  : Starting Servlet engine: [Apache Tomcat/9.0.31]
2021-11-19 02:36:23.776  INFO 12157 --- [           main] o.a.c.c.C.[Tomcat].[localhost].[/]       : Initializing Spring embedded WebApplicationContext
2021-11-19 02:36:23.777  INFO 12157 --- [           main] o.s.web.context.ContextLoader            : Root WebApplicationContext: initialization completed in 2419 ms
 _ _   |_  _ _|_. ___ _ |    _ 
| | |\/|_)(_| | |_\  |_)||_|_\ 
     /               |         
                        3.3.1 
2021-11-19 02:36:25.234  INFO 12157 --- [           main] o.s.s.concurrent.ThreadPoolTaskExecutor  : Initializing ExecutorService 'applicationTaskExecutor'
2021-11-19 02:36:25.650  INFO 12157 --- [           main] o.s.b.w.embedded.tomcat.TomcatWebServer  : Tomcat started on port(s): 3001 (http) with context path ''
2021-11-19 02:36:25.662  INFO 12157 --- [           main] c.c.training.TraningApplication          : Started TraningApplication in 5.659 seconds (JVM running for 6.386)

  .   ____          _            __ _ _
 /\\ / ___'_ __ _ _(_)_ __  __ _ \ \ \ \
( ( )\___ | '_ | '_| | '_ \/ _` | \ \ \ \
 \\/  ___)| |_)| | | | | || (_| |  ) ) ) )
  '  |____| .__|_| |_|_| |_\__, | / / / /
 =========|_|==============|___/=/_/_/_/
 :: Spring Boot ::        (v2.2.5.RELEASE)

2021-11-19 02:40:32.582  INFO 12405 --- [           main] c.c.training.TraningApplication          : Starting TraningApplication v1.0-SNAPSHOT on fabmedical-xp with PID 12405 (/home/adminfabmedical/Fabmedical/content-api/target/training-1.0-SNAPSHOT.jar started by adminfabmedical in /home/adminfabmedical/Fabmedical/content-api)
2021-11-19 02:40:32.596  INFO 12405 --- [           main] c.c.training.TraningApplication          : No active profile set, falling back to default profiles: default
2021-11-19 02:40:35.080  INFO 12405 --- [           main] o.s.b.w.embedded.tomcat.TomcatWebServer  : Tomcat initialized with port(s): 3001 (http)
2021-11-19 02:40:35.100  INFO 12405 --- [           main] o.apache.catalina.core.StandardService   : Starting service [Tomcat]
2021-11-19 02:40:35.101  INFO 12405 --- [           main] org.apache.catalina.core.StandardEngine  : Starting Servlet engine: [Apache Tomcat/9.0.31]
2021-11-19 02:40:35.213  INFO 12405 --- [           main] o.a.c.c.C.[Tomcat].[localhost].[/]       : Initializing Spring embedded WebApplicationContext
2021-11-19 02:40:35.214  INFO 12405 --- [           main] o.s.web.context.ContextLoader            : Root WebApplicationContext: initialization completed in 2428 ms
 _ _   |_  _ _|_. ___ _ |    _ 
| | |\/|_)(_| | |_\  |_)||_|_\ 
     /               |         
                        3.3.1 
2021-11-19 02:40:36.610  INFO 12405 --- [           main] o.s.s.concurrent.ThreadPoolTaskExecutor  : Initializing ExecutorService 'applicationTaskExecutor'
2021-11-19 02:40:36.926  INFO 12405 --- [           main] o.s.b.w.embedded.tomcat.TomcatWebServer  : Tomcat started on port(s): 3001 (http) with context path ''
2021-11-19 02:40:36.931  INFO 12405 --- [           main] c.c.training.TraningApplication          : Started TraningApplication in 5.559 seconds (JVM running for 6.261)
2021-11-19 02:49:04.683  INFO 12405 --- [nio-3001-exec-1] o.a.c.c.C.[Tomcat].[localhost].[/]       : Initializing Spring DispatcherServlet 'dispatcherServlet'
2021-11-19 02:49:04.683  INFO 12405 --- [nio-3001-exec-1] o.s.web.servlet.DispatcherServlet        : Initializing Servlet 'dispatcherServlet'
2021-11-19 02:49:04.695  INFO 12405 --- [nio-3001-exec-1] o.s.web.servlet.DispatcherServlet        : Completed initialization in 12 ms
2021-11-19 02:49:04.866  INFO 12405 --- [nio-3001-exec-1] com.zaxxer.hikari.HikariDataSource       : HikariPool-1 - Starting...
2021-11-19 02:49:05.161  INFO 12405 --- [nio-3001-exec-1] com.zaxxer.hikari.HikariDataSource       : HikariPool-1 - Start completed.

  .   ____          _            __ _ _
 /\\ / ___'_ __ _ _(_)_ __  __ _ \ \ \ \
( ( )\___ | '_ | '_| | '_ \/ _` | \ \ \ \
 \\/  ___)| |_)| | | | | || (_| |  ) ) ) )
  '  |____| .__|_| |_|_| |_\__, | / / / /
 =========|_|==============|___/=/_/_/_/
 :: Spring Boot ::        (v2.2.5.RELEASE)

2022-02-24 07:47:03.551  INFO 20687 --- [           main] c.c.training.TraningApplication          : Starting TraningApplication v1.0-SNAPSHOT on fabmedical-ft with PID 20687 (/home/adminfabmedical/MCW-Cloud-native-applications-pim/Fabmedical/content-api/target/training-1.0-SNAPSHOT.jar started by adminfabmedical in /home/adminfabmedical/MCW-Cloud-native-applications-pim/Fabmedical/content-api)
2022-02-24 07:47:03.555  INFO 20687 --- [           main] c.c.training.TraningApplication          : No active profile set, falling back to default profiles: default
2022-02-24 07:47:04.928  INFO 20687 --- [           main] o.s.b.w.embedded.tomcat.TomcatWebServer  : Tomcat initialized with port(s): 3001 (http)
2022-02-24 07:47:04.942  INFO 20687 --- [           main] o.apache.catalina.core.StandardService   : Starting service [Tomcat]
2022-02-24 07:47:04.943  INFO 20687 --- [           main] org.apache.catalina.core.StandardEngine  : Starting Servlet engine: [Apache Tomcat/9.0.31]
2022-02-24 07:47:05.015  INFO 20687 --- [           main] o.a.c.c.C.[Tomcat].[localhost].[/]       : Initializing Spring embedded WebApplicationContext
2022-02-24 07:47:05.015  INFO 20687 --- [           main] o.s.web.context.ContextLoader            : Root WebApplicationContext: initialization completed in 1402 ms
 _ _   |_  _ _|_. ___ _ |    _ 
| | |\/|_)(_| | |_\  |_)||_|_\ 
     /               |         
                        3.3.1 
2022-02-24 07:47:05.822  INFO 20687 --- [           main] o.s.s.concurrent.ThreadPoolTaskExecutor  : Initializing ExecutorService 'applicationTaskExecutor'
2022-02-24 07:47:06.037  INFO 20687 --- [           main] o.s.b.w.embedded.tomcat.TomcatWebServer  : Tomcat started on port(s): 3001 (http) with context path ''
2022-02-24 07:47:06.040  INFO 20687 --- [           main] c.c.training.TraningApplication          : Started TraningApplication in 3.024 seconds (JVM running for 3.419)
2022-02-24 07:47:12.467  INFO 20687 --- [nio-3001-exec-1] o.a.c.c.C.[Tomcat].[localhost].[/]       : Initializing Spring DispatcherServlet 'dispatcherServlet'
2022-02-24 07:47:12.468  INFO 20687 --- [nio-3001-exec-1] o.s.web.servlet.DispatcherServlet        : Initializing Servlet 'dispatcherServlet'
2022-02-24 07:47:12.476  INFO 20687 --- [nio-3001-exec-1] o.s.web.servlet.DispatcherServlet        : Completed initialization in 8 ms
2022-02-24 07:47:12.568  INFO 20687 --- [nio-3001-exec-1] com.zaxxer.hikari.HikariDataSource       : HikariPool-1 - Starting...
2022-02-24 07:47:12.769  INFO 20687 --- [nio-3001-exec-1] com.zaxxer.hikari.HikariDataSource       : HikariPool-1 - Start completed.
2022-02-24 08:32:44.095  INFO 20687 --- [nio-3001-exec-7] o.apache.coyote.http11.Http11Processor   : Error parsing HTTP request header
 Note: further occurrences of HTTP request parsing errors will be logged at DEBUG level.

java.lang.IllegalArgumentException: Invalid character found in method name. HTTP method names must be tokens
	at org.apache.coyote.http11.Http11InputBuffer.parseRequestLine(Http11InputBuffer.java:416) ~[tomcat-embed-core-9.0.31.jar!/:9.0.31]
	at org.apache.coyote.http11.Http11Processor.service(Http11Processor.java:260) ~[tomcat-embed-core-9.0.31.jar!/:9.0.31]
	at org.apache.coyote.AbstractProcessorLight.process(AbstractProcessorLight.java:65) [tomcat-embed-core-9.0.31.jar!/:9.0.31]
	at org.apache.coyote.AbstractProtocol$ConnectionHandler.process(AbstractProtocol.java:868) [tomcat-embed-core-9.0.31.jar!/:9.0.31]
	at org.apache.tomcat.util.net.NioEndpoint$SocketProcessor.doRun(NioEndpoint.java:1639) [tomcat-embed-core-9.0.31.jar!/:9.0.31]
	at org.apache.tomcat.util.net.SocketProcessorBase.run(SocketProcessorBase.java:49) [tomcat-embed-core-9.0.31.jar!/:9.0.31]
	at java.util.concurrent.ThreadPoolExecutor.runWorker(ThreadPoolExecutor.java:1149) [na:1.8.0_292]
	at java.util.concurrent.ThreadPoolExecutor$Worker.run(ThreadPoolExecutor.java:624) [na:1.8.0_292]
	at org.apache.tomcat.util.threads.TaskThread$WrappingRunnable.run(TaskThread.java:61) [tomcat-embed-core-9.0.31.jar!/:9.0.31]
	at java.lang.Thread.run(Thread.java:748) [na:1.8.0_292]

